Unhandled Error
Traceback (most recent call last):
  File "/home/nodey/BotsideP2P/lib/python3.5/site-packages/twisted/application/app.py", line 674, in run
    runApp(config)
  File "/home/nodey/BotsideP2P/lib/python3.5/site-packages/twisted/scripts/twistd.py", line 25, in runApp
    runner.run()
  File "/home/nodey/BotsideP2P/lib/python3.5/site-packages/twisted/application/app.py", line 381, in run
    self.application = self.createOrGetApplication()
  File "/home/nodey/BotsideP2P/lib/python3.5/site-packages/twisted/application/app.py", line 453, in createOrGetApplication
    application = getApplication(self.config, passphrase)
--- <exception caught here> ---
  File "/home/nodey/BotsideP2P/lib/python3.5/site-packages/twisted/application/app.py", line 464, in getApplication
    application = service.loadApplication(filename, style, passphrase)
  File "/home/nodey/BotsideP2P/lib/python3.5/site-packages/twisted/application/service.py", line 416, in loadApplication
    application = sob.loadValueFromFile(filename, 'application')
  File "/home/nodey/BotsideP2P/lib/python3.5/site-packages/twisted/persisted/sob.py", line 176, in loadValueFromFile
    codeObj = compile(data, filename, "exec")
builtins.SyntaxError: invalid syntax (server.tac, line 50)


Failed to load application: invalid syntax (server.tac, line 50)

Unhandled Error
Traceback (most recent call last):
  File "/home/nodey/BotsideP2P/lib/python3.5/site-packages/twisted/application/app.py", line 674, in run
    runApp(config)
  File "/home/nodey/BotsideP2P/lib/python3.5/site-packages/twisted/scripts/twistd.py", line 25, in runApp
    runner.run()
  File "/home/nodey/BotsideP2P/lib/python3.5/site-packages/twisted/application/app.py", line 381, in run
    self.application = self.createOrGetApplication()
  File "/home/nodey/BotsideP2P/lib/python3.5/site-packages/twisted/application/app.py", line 453, in createOrGetApplication
    application = getApplication(self.config, passphrase)
--- <exception caught here> ---
  File "/home/nodey/BotsideP2P/lib/python3.5/site-packages/twisted/application/app.py", line 464, in getApplication
    application = service.loadApplication(filename, style, passphrase)
  File "/home/nodey/BotsideP2P/lib/python3.5/site-packages/twisted/application/service.py", line 416, in loadApplication
    application = sob.loadValueFromFile(filename, 'application')
  File "/home/nodey/BotsideP2P/lib/python3.5/site-packages/twisted/persisted/sob.py", line 176, in loadValueFromFile
    codeObj = compile(data, filename, "exec")
builtins.SyntaxError: invalid syntax (server.tac, line 50)


Failed to load application: invalid syntax (server.tac, line 50)

